<?xml version="1.0" encoding="UTF-8"?>
<!-- Generated by org.testng.reporters.JUnitReportReporter -->
<testsuite hostname="VEERA-IT" failures="0" tests="1" name="TestCases.LoginTestCases" time="6.209" errors="0" timestamp="2023-02-22T10:51:52 IST" skipped="0">
  <testcase classname="TestCases.LoginTestCases" name="Login_to_DashBoard" time="6.209"/>
  <system-out/>
</testsuite> <!-- TestCases.LoginTestCases -->
